%このファイルは日本語文字を含みます.
\BOOKMARK [0][]{chapter*.1}{概要}{}% 1
\BOOKMARK [0][]{chapter.1}{第1章 序論}{}% 2
\BOOKMARK [1][]{section.1.1}{1.1 研究背景}{chapter.1}% 3
\BOOKMARK [1][]{section.1.2}{1.2 研究目的}{chapter.1}% 4
\BOOKMARK [1][]{section.1.3}{1.3 本論文の構成}{chapter.1}% 5
\BOOKMARK [0][]{chapter.2}{第2章 関連研究}{}% 6
\BOOKMARK [0][]{chapter.3}{第3章 準備}{}% 7
\BOOKMARK [1][]{section.3.1}{3.1 準備-1}{chapter.3}% 8
\BOOKMARK [1][]{section.3.2}{3.2 準備-2}{chapter.3}% 9
\BOOKMARK [0][]{chapter.4}{第4章 主な結果}{}% 10
\BOOKMARK [1][]{section.4.1}{4.1 結果-1}{chapter.4}% 11
\BOOKMARK [1][]{section.4.2}{4.2 結果-2}{chapter.4}% 12
\BOOKMARK [0][]{chapter.5}{第5章 数値例と考察}{}% 13
\BOOKMARK [1][]{section.5.1}{5.1 数値例}{chapter.5}% 14
\BOOKMARK [1][]{section.5.2}{5.2 考察}{chapter.5}% 15
\BOOKMARK [0][]{chapter.6}{第6章 結論}{}% 16
\BOOKMARK [0][]{appendix.A}{付録A 定理1の証明}{}% 17
\BOOKMARK [0][]{appendix.B}{付録B 定理2の証明}{}% 18
\BOOKMARK [0][]{appendix*.5}{謝辞}{}% 19
\BOOKMARK [0][]{appendix*.6}{参考文献}{}% 20
